<?xml version="1.0" encoding="utf-8"?><testsuites name="pytest tests"><testsuite name="pytest" errors="0" failures="2" skipped="0" tests="23" time="39.753" timestamp="2026-04-28T01:42:07.451259+00:00" hostname="agent-env-226dbeba-585a-442c-b30d-596ea97c203b"><testcase classname="backend.tests.backend_test.TestAuth" name="test_root" time="0.149" /><testcase classname="backend.tests.backend_test.TestAuth" name="test_admin_login" time="0.344" /><testcase classname="backend.tests.backend_test.TestAuth" name="test_register_and_login_user" time="0.702"><failure message="AssertionError: assert 'test_user_81...salescraft.io' == 'TEST_user_81...salescraft.io'&#10;  &#10;  - TEST_user_818e1288@salescraft.io&#10;  ? ^^^^&#10;  + test_user_818e1288@salescraft.io&#10;  ? ^^^^">backend/tests/backend_test.py:77: in test_register_and_login_user
    assert data["user"]["email"] == fresh_user["email"]
E   AssertionError: assert 'test_user_81...salescraft.io' == 'TEST_user_81...salescraft.io'
E     
E     - TEST_user_818e1288@salescraft.io
E     ? ^^^^
E     + test_user_818e1288@salescraft.io
E     ? ^^^^</failure></testcase><testcase classname="backend.tests.backend_test.TestAuth" name="test_register_sets_cookie" time="0.367" /><testcase classname="backend.tests.backend_test.TestAuth" name="test_login_invalid" time="0.334" /><testcase classname="backend.tests.backend_test.TestAuth" name="test_register_duplicate" time="0.115" /><testcase classname="backend.tests.backend_test.TestAuth" name="test_me_with_bearer" time="0.112"><failure message="AssertionError: assert 'test_user_81...salescraft.io' == 'TEST_user_81...salescraft.io'&#10;  &#10;  - TEST_user_818e1288@salescraft.io&#10;  ? ^^^^&#10;  + test_user_818e1288@salescraft.io&#10;  ? ^^^^">backend/tests/backend_test.py:109: in test_me_with_bearer
    assert data["email"] == fresh_user["email"]
E   AssertionError: assert 'test_user_81...salescraft.io' == 'TEST_user_81...salescraft.io'
E     
E     - TEST_user_818e1288@salescraft.io
E     ? ^^^^
E     + test_user_818e1288@salescraft.io
E     ? ^^^^</failure></testcase><testcase classname="backend.tests.backend_test.TestAuth" name="test_me_unauthenticated" time="0.116" /><testcase classname="backend.tests.backend_test.TestAuth" name="test_logout_clears_cookie" time="0.449" /><testcase classname="backend.tests.backend_test.TestPages" name="test_unauthenticated_generate_returns_401" time="0.132" /><testcase classname="backend.tests.backend_test.TestPages" name="test_generate_page" time="14.773" /><testcase classname="backend.tests.backend_test.TestPages" name="test_list_pages" time="0.165" /><testcase classname="backend.tests.backend_test.TestPages" name="test_get_single_page" time="0.133" /><testcase classname="backend.tests.backend_test.TestPages" name="test_get_nonexistent" time="0.133" /><testcase classname="backend.tests.backend_test.TestPages" name="test_other_user_cannot_read" time="0.470" /><testcase classname="backend.tests.backend_test.TestPages" name="test_update_template" time="0.217" /><testcase classname="backend.tests.backend_test.TestPages" name="test_other_user_cannot_update" time="0.119" /><testcase classname="backend.tests.backend_test.TestPages" name="test_regenerate_section_headline" time="1.115" /><testcase classname="backend.tests.backend_test.TestPages" name="test_regenerate_section_invalid" time="0.112" /><testcase classname="backend.tests.backend_test.TestPages" name="test_regenerate_full" time="18.996" /><testcase classname="backend.tests.backend_test.TestPages" name="test_public_get" time="0.135" /><testcase classname="backend.tests.backend_test.TestPages" name="test_other_user_cannot_delete" time="0.119" /><testcase classname="backend.tests.backend_test.TestPages" name="test_delete_page" time="0.240" /></testsuite></testsuites>